Name collision 'linux' between
	linux|linux console
and	linux|linux console
...now	linux console
Cannot remove alias 'linux console'
Name collision 'vt100-nav' between
	vt100-nav|vt100 without advanced video option
and	vt100-nav|vt100 without advanced video option
...now	vt100 without advanced video option
Cannot remove alias 'vt100 without advanced video option'
Name collision 'vt220' between
	vt220|vt200|dec vt220
and	vt220|vt200|dec vt220
...now	vt200|dec vt220
...now	dec vt220
Cannot remove alias 'dec vt220'
Name collision 'vt100' between
	vt100|vt100-am|dec vt100 (w/advanced video)
and	vt100|vt100-am|dec vt100 (w/advanced video)
...now	vt100-am|dec vt100 (w/advanced video)
...now	dec vt100 (w/advanced video)
Cannot remove alias 'dec vt100 (w/advanced video)'
Name collision 'vt102' between
	vt102|dec vt102
and	vt102|dec vt102
...now	dec vt102
Cannot remove alias 'dec vt102'
Name collision 'vt52' between
	vt52|dec vt52
and	vt52|dec vt52
...now	dec vt52
Cannot remove alias 'dec vt52'
Name collision 'ansi' between
	ansi|ansi/pc-term compatible with color
and	ansi|ansi/pc-term compatible with color
...now	ansi/pc-term compatible with color
Cannot remove alias 'ansi/pc-term compatible with color'
Name collision 'dumb' between
	dumb|80-column dumb tty
and	dumb|80-column dumb tty
...now	80-column dumb tty
Cannot remove alias '80-column dumb tty'
Loaded 479 T2tt signals: T2tt_1000_1,T2tt_1000_100,T2tt_1000_150,T2tt_1000_200,T2tt_1000_250,T2tt_1000_300,T2tt_1000_350,T2tt_1000_400,T2tt_1000_450,T2tt_1000_50,T2tt_1000_500,T2tt_1000_550,T2tt_1000_600,T2tt_1000_650,T2tt_1050_1,T2tt_1050_100,T2tt_1050_150,T2tt_1050_200,T2tt_1050_250,T2tt_1050_300,T2tt_1050_350,T2tt_1050_400,T2tt_1050_450,T2tt_150_1,T2tt_1050_50,T2tt_1050_500,T2tt_1050_550,T2tt_1050_600,T2tt_1050_650,T2tt_1100_1,T2tt_1100_100,T2tt_1100_150,T2tt_1100_200,T2tt_1100_250,T2tt_1100_300,T2tt_1100_350,T2tt_1100_400,T2tt_1100_450,T2tt_1100_50,T2tt_1100_500,T2tt_1100_550,T2tt_1100_600,T2tt_1100_650,T2tt_1150_1,T2tt_1150_100,T2tt_1150_150,T2tt_1150_200,T2tt_1150_250,T2tt_1150_300,T2tt_1150_350,T2tt_1150_400,T2tt_1150_450,T2tt_1150_50,T2tt_1150_500,T2tt_1150_550,T2tt_167_1,T2tt_1150_600,T2tt_1150_650,T2tt_1200_1,T2tt_1200_100,T2tt_1200_150,T2tt_1200_200,T2tt_1200_250,T2tt_1200_300,T2tt_1200_350,T2tt_1200_400,T2tt_1200_450,T2tt_1200_50,T2tt_1200_500,T2tt_1200_550,T2tt_1200_600,T2tt_1200_650,T2tt_150_25,T2tt_150_50,T2tt_150_63,T2tt_175_1,T2tt_175_25,T2tt_175_50,T2tt_175_75,T2tt_175_88,T2tt_183_1,T2tt_192_25,T2tt_200_1,T2tt_200_100,T2tt_200_113,T2tt_200_25,T2tt_200_50,T2tt_200_75,T2tt_208_25,T2tt_217_50,T2tt_225_1,T2tt_225_100,T2tt_225_125,T2tt_225_138,T2tt_225_25,T2tt_225_50,T2tt_225_75,T2tt_233_50,T2tt_242_75,T2tt_250_1,T2tt_250_100,T2tt_250_125,T2tt_250_150,T2tt_250_163,T2tt_250_25,T2tt_250_50,T2tt_250_75,T2tt_258_75,T2tt_267_100,T2tt_275_1,T2tt_275_100,T2tt_275_125,T2tt_275_150,T2tt_275_175,T2tt_275_188,T2tt_275_25,T2tt_275_50,T2tt_275_75,T2tt_283_100,T2tt_292_125,T2tt_300_1,T2tt_300_100,T2tt_350_1,T2tt_300_125,T2tt_300_150,T2tt_300_175,T2tt_300_200,T2tt_300_213,T2tt_300_25,T2tt_300_50,T2tt_300_75,T2tt_308_125,T2tt_317_150,T2tt_325_100,T2tt_325_125,T2tt_325_150,T2tt_325_175,T2tt_325_200,T2tt_325_225,T2tt_325_238,T2tt_325_25,T2tt_325_50,T2tt_325_75,T2tt_333_150,T2tt_342_175,T2tt_350_100,T2tt_350_125,T2tt_350_150,T2tt_350_175,T2tt_350_200,T2tt_350_225,T2tt_350_250,T2tt_350_263,T2tt_350_50,T2tt_400_1,T2tt_350_75,T2tt_358_175,T2tt_367_200,T2tt_375_100,T2tt_425_325,T2tt_375_125,T2tt_375_150,T2tt_375_175,T2tt_375_200,T2tt_375_225,T2tt_375_250,T2tt_375_275,T2tt_375_288,T2tt_375_75,T2tt_383_200,T2tt_392_225,T2tt_400_100,T2tt_400_125,T2tt_400_150,T2tt_400_175,T2tt_400_200,T2tt_400_225,T2tt_400_250,T2tt_400_275,T2tt_400_300,T2tt_400_313,T2tt_400_50,T2tt_408_225,T2tt_417_250,T2tt_425_125,T2tt_425_150,T2tt_425_175,T2tt_450_1,T2tt_425_200,T2tt_425_225,T2tt_425_250,T2tt_425_275,T2tt_425_300,T2tt_425_338,T2tt_433_250,T2tt_442_275,T2tt_450_100,T2tt_450_150,T2tt_450_175,T2tt_450_200,T2tt_450_225,T2tt_450_250,T2tt_450_275,T2tt_450_300,T2tt_450_325,T2tt_450_350,T2tt_450_363,T2tt_450_50,T2tt_458_275,T2tt_467_300,T2tt_475_175,T2tt_475_200,T2tt_475_225,T2tt_475_250,T2tt_475_275,T2tt_475_300,T2tt_475_325,T2tt_475_350,T2tt_500_1,T2tt_475_375,T2tt_475_388,T2tt_483_300,T2tt_492_325,T2tt_500_100,T2tt_500_150,T2tt_500_200,T2tt_500_225,T2tt_500_250,T2tt_500_275,T2tt_500_300,T2tt_500_325,T2tt_500_350,T2tt_500_375,T2tt_500_400,T2tt_500_413,T2tt_500_50,T2tt_508_325,T2tt_517_350,T2tt_525_225,T2tt_525_250,T2tt_525_275,T2tt_525_300,T2tt_525_325,T2tt_525_350,T2tt_525_375,T2tt_525_400,T2tt_525_425,T2tt_525_438,T2tt_533_350,T2tt_542_375,T2tt_550_1,T2tt_550_100,T2tt_550_150,T2tt_550_200,T2tt_550_250,T2tt_550_275,T2tt_550_300,T2tt_550_325,T2tt_550_350,T2tt_550_375,T2tt_550_400,T2tt_550_425,T2tt_550_450,T2tt_550_463,T2tt_550_50,T2tt_558_375,T2tt_567_400,T2tt_575_275,T2tt_575_300,T2tt_575_325,T2tt_575_350,T2tt_575_375,T2tt_575_400,T2tt_575_425,T2tt_575_450,T2tt_575_475,T2tt_575_488,T2tt_583_400,T2tt_592_425,T2tt_600_1,T2tt_600_100,T2tt_600_150,T2tt_600_200,T2tt_600_250,T2tt_600_300,T2tt_600_325,T2tt_600_350,T2tt_600_375,T2tt_600_400,T2tt_600_425,T2tt_600_450,T2tt_600_475,T2tt_600_50,T2tt_600_500,T2tt_600_513,T2tt_608_425,T2tt_617_450,T2tt_625_325,T2tt_625_350,T2tt_625_375,T2tt_625_400,T2tt_625_425,T2tt_625_450,T2tt_625_475,T2tt_625_500,T2tt_625_525,T2tt_625_538,T2tt_633_450,T2tt_642_475,T2tt_650_1,T2tt_650_100,T2tt_650_150,T2tt_650_200,T2tt_650_250,T2tt_TROOT::Append:0: RuntimeWarning: Replacing existing TH1: h_tmp (Potential memory leak).
TROOT::Append:0: RuntimeWarning: Replacing existing TH1: h_tmp (Potential memory leak).
TROOT::Append:0: RuntimeWarning: Replacing existing TH1: h_tmp (Potential memory leak).
TROOT::Append:0: RuntimeWarning: Replacing existing TH1: h_tmp (Potential memory leak).
TROOT::Append:0: RuntimeWarning: Replacing existing TH1: h_tmp (Potential memory leak).
TROOT::Append:0: RuntimeWarning: Replacing existing TH1: h_tmp (Potential memory leak).
TROOT::Append:0: RuntimeWarning: Replacing existing TH1: h_tmp (Potential memory leak).
TROOT::Append:0: RuntimeWarning: Replacing existing TH1: h_tmp (Potential memory leak).
TROOT::Append:0: RuntimeWarning: Replacing existing TH1: h_tmp (Potential memory leak).
TROOT::Append:0: RuntimeWarning: Replacing existing TH1: h_tmp (Potential memory leak).
TROOT::Append:0: RuntimeWarning: Replacing existing TH1: h_tmp (Potential memory leak).
TROOT::Append:0: RuntimeWarning: Replacing existing TH1: h_tmp (Potential memory leak).
TROOT::Append:0: RuntimeWarning: Replacing existing TH1: h_tmp (Potential memory leak).
TROOT::Append:0: RuntimeWarning: Replacing existing TH1: h_tmp (Potential memory leak).
TROOT::Append:0: RuntimeWarning: Replacing existing TH1: h_tmp (Potential memory leak).
TROOT::Append:0: RuntimeWarning: Replacing existing TH1: h_tmp (Potential memory leak).
TROOT::Append:0: RuntimeWarning: Replacing existing TH1: h_tmp (Potential memory leak).
TROOT::Append:0: RuntimeWarning: Replacing existing TH1: h_tmp (Potential memory leak).
TROOT::Append:0: RuntimeWarning: Replacing existing TH1: h_tmp (Potential memory leak).
TROOT::Append:0: RuntimeWarning: Replacing existing TH1: h_tmp (Potential memory leak).
TROOT::Append:0: RuntimeWarning: Replacing existing TH1: h_tmp (Potential memory leak).
TROOT::Append:0: RuntimeWarning: Replacing existing TH1: h_tmp (Potential memory leak).
TROOT::Append:0: RuntimeWarning: Replacing existing TH1: h_tmp (Potential memory leak).
TROOT::Append:0: RuntimeWarning: Replacing existing TH1: h_tmp (Potential memory leak).
TROOT::Append:0: RuntimeWarning: Replacing existing TH1: h_tmp (Potential memory leak).
TROOT::Append:0: RuntimeWarning: Replacing existing TH1: h_tmp (Potential memory leak).
TROOT::Append:0: RuntimeWarning: Replacing existing TH1: h_tmp (Potential memory leak).
TROOT::Append:0: RuntimeWarning: Replacing existing TH1: h_tmp (Potential memory leak).
TROOT::Append:0: RuntimeWarning: Replacing existing TH1: h_tmp (Potential memory leak).
TROOT::Append:0: RuntimeWarning: Replacing existing TH1: h_tmp (Potential memory leak).
TROOT::Append:0: RuntimeWarning: Replacing existing TH1: h_tmp (Potential memory leak).
TROOT::Append:0: RuntimeWarning: Replacing existing TH1: h_tmp (Potential memory leak).
TROOT::Append:0: RuntimeWarning: Replacing existing TH1: h_tmp (Potential memory leak).
TROOT::Append:0: RuntimeWarning: Replacing existing TH1: h_tmp (Potential memory leak).
TROOT::Append:0: RuntimeWarning: Replacing existing TH1: h_tmp (Potential memory leak).
TROOT::Append:0: RuntimeWarning: Replacing existing TH1: h_tmp (Potential memory leak).
TROOT::Append:0: RuntimeWarning: Replacing existing TH1: h_tmp (Potential memory leak).
TROOT::Append:0: RuntimeWarning: Replacing existing TH1: h_tmp (Potential memory leak).
TROOT::Append:0: RuntimeWarning: Replacing existing TH1: h_tmp (Potential memory leak).
TROOT::Append:0: RuntimeWarning: Replacing existing TH1: h_tmp (Potential memory leak).
TROOT::Append:0: RuntimeWarning: Replacing existing TH1: h_tmp (Potential memory leak).
TROOT::Append:0: RuntimeWarning: Replacing existing TH1: h_tmp (Potential memory leak).
TROOT::Append:0: RuntimeWarning: Replacing existing TH1: h_tmp (Potential memory leak).
TROOT::Append:0: RuntimeWarning: Replacing existing TH1: h_tmp (Potential memory leak).
TROOT::Append:0: RuntimeWarning: Replacing existing TH1: h_tmp (Potential memory leak).
TROOT::Append:0: RuntimeWarning: Replacing existing TH1: h_tmp (Potential memory leak).
TROOT::Append:0: RuntimeWarning: Replacing existing TH1: h_tmp (Potential memory leak).
TROOT::Append:0: RuntimeWarning: Replacing existing TH1: h_tmp (Potential memory leak).
TROOT::Append:0: RuntimeWarning: Replacing existing TH1: h_tmp (Potential memory leak).
TROOT::Append:0: RuntimeWarning: Replacing existing TH1: h_tmp (Potential memory leak).
TROOT::Append:0: RuntimeWarning: Replacing existing TH1: h_tmp (Potential memory leak).
TROOT::Append:0: RuntimeWarning: Replacing existing TH1: h_tmp (Potential memory leak).
TROOT::Append:0: RuntimeWarning: Replacing existing TH1: h_tmp (Potential memory leak).
TROOT::Append:0: RuntimeWarning: Replacing existing TH1: h_tmp (Potential memory leak).
TROOT::Append:0: RuntimeWarning: Replacing existing TH1: h_tmp (Potential memory leak).
TROOT::Append:0: RuntimeWarning: Replacing existing TH1: h_tmp (Potential memory leak).
TROOT::Append:0: RuntimeWarning: Replacing existing TH1: h_tmp (Potential memory leak).
TROOT::Append:0: RuntimeWarning: Replacing existing TH1: h_tmp (Potential memory leak).
TROOT::Append:0: RuntimeWarning: Replacing existing TH1: h_tmp (Potential memory leak).
TROOT::Append:0: RuntimeWarning: Replacing existing TH1: h_tmp (Potential memory leak).
TROOT::Append:0: RuntimeWarning: Replacing existing TH1: h_tmp (Potential memory leak).
TROOT::Append:0: RuntimeWarning: Replacing existing TH1: h_tmp (Potential memory leak).
TROOT::Append:0: RuntimeWarning: Replacing existing TH1: h_tmp (Potential memory leak).
TROOT::Append:0: RuntimeWarning: Replacing existing TH1: h_tmp (Potential memory leak).
TROOT::Append:0: RuntimeWarning: Replacing existing TH1: h_tmp (Potential memory leak).
TROOT::Append:0: RuntimeWarning: Replacing existing TH1: h_tmp (Potential memory leak).
TROOT::Append:0: RuntimeWarning: Replacing existing TH1: h_tmp (Potential memory leak).
TROOT::Append:0: RuntimeWarning: Replacing existing TH1: h_tmp (Potential memory leak).
TROOT::Append:0: RuntimeWarning: Replacing existing TH1: h_tmp (Potential memory leak).
TROOT::Append:0: RuntimeWarning: Replacing existing TH1: h_tmp (Potential memory leak).
TROOT::Append:0: RuntimeWarning: Replacing existing TH1: h_tmp (Potential memory leak).
TROOT::Append:0: RuntimeWarning: Replacing existing TH1: h_tmp (Potential memory leak).
TROOT::Append:0: RuntimeWarning: Replacing existing TH1: h_tmp (Potential memory leak).
TROOT::Append:0: RuntimeWarning: Replacing existing TH1: h_tmp (Potential memory leak).
TROOT::Append:0: RuntimeWarning: Replacing existing TH1: h_tmp (Potential memory leak).
TROOT::Append:0: RuntimeWarning: Replacing existing TH1: h_tmp (Potential memory leak).
TROOT::Append:0: RuntimeWarning: Replacing existing TH1: h_tmp (Potential memory leak).
TROOT::Append:0: RuntimeWarning: Replacing existing TH1: h_tmp (Potential memory leak).
TROOT::Append:0: RuntimeWarning: Replacing existing TH1: h_tmp (Potential memory leak).
TROOT::Append:0: RuntimeWarning: Replacing existing TH1: h_tmp (Potential memory leak).
TROOT::Append:0: RuntimeWarning: Replacing existing TH1: h_tmp (Potential memory leak).
TROOT::Append:0: RuntimeWarning: Replacing existing TH1: h_tmp (Potential memory leak).
TROOT::Append:0: RuntimeWarning: Replacing existing TH1: h_tmp (Potential memory leak).
TROOT::Append:0: RuntimeWarning: Replacing existing TH1: h_tmp (Potential memory leak).
TROOT::Append:0: RuntimeWarning: Replacing existing TH1: h_tmp (Potential memory leak).
TROOT::Append:0: RuntimeWarning: Replacing existing TH1: h_tmp (Potential memory leak).
TROOT::Append:0: RuntimeWarning: Replacing existing TH1: h_tmp (Potential memory leak).
TROOT::Append:0: RuntimeWarning: Replacing existing TH1: h_tmp (Potential memory leak).
TROOT::Append:0: RuntimeWarning: Replacing existing TH1: h_tmp (Potential memory leak).
TROOT::Append:0: RuntimeWarning: Replacing existing TH1: h_tmp (Potential memory leak).
TROOT::Append:0: RuntimeWarning: Replacing existing TH1: h_tmp (Potential memory leak).
TROOT::Append:0: RuntimeWarning: Replacing existing TH1: h_tmp (Potential memory leak).
TROOT::Append:0: RuntimeWarning: Replacing existing TH1: h_tmp (Potential memory leak).
TROOT::Append:0: RuntimeWarning: Replacing existing TH1: h_tmp (Potential memory leak).
TROOT::Append:0: RuntimeWarning: Replacing existing TH1: h_tmp (Potential memory leak).
TROOT::Append:0: RuntimeWarning: Replacing existing TH1: h_tmp (Potential memory leak).
TROOT::Append:0: RuntimeWarning: Replacing existing TH1: h_tmp (Potential memory leak).
TROOT::Append:0: RuntimeWarning: Replacing existing TH1: h_tmp (Potential memory leak).
TROOT::Append:0: RuntimeWarning: Replacing existing TH1: h_tmp (Potential memory leak).
TROOT::Append:0: RuntimeWarning: Replacing existing TH1: h_tmp (Potential memory leak).
TROOT::Append:0: RuntimeWarning: Replacing existing TH1: h_tmp (Potential memory leak).
TROOT::Append:0: RuntimeWarning: Replacing existing TH1: h_tmp (Potential memory leak).
TROOT::Append:0: RuntimeWarning: Replacing existing TH1: h_tmp (Potential memory leak).
TROOT::Append:0: RuntimeWarning: Replacing existing TH1: h_tmp (Potential memory leak).
TROOT::Append:0: RuntimeWarning: Replacing existing TH1: h_tmp (Potential memory leak).
TROOT::Append:0: RuntimeWarning: Replacing existing TH1: h_tmp (Potential memory leak).
TROOT::Append:0: RuntimeWarning: Replacing existing TH1: h_tmp (Potential memory leak).
TH1D::Sumw2:0: RuntimeWarning: Sum of squares of weights structure already created
Info in <TCanvas::Print>: png file /afs/hephy.at/user/e/easilar/www/data/80X_v12_5/dilep_isOS_njet2p_nbtag1p_mll20_l1pt25_mIsoVT_dPhiJetMET_lepVeto_looseLeptonVeto/dl_mt2ll100p_dl_mt2bb70p_dl_mt2blbl100p_met_pt0p_metSig7p_metMeff0p/nJet30.png has been created
Info in <TCanvas::Print>: pdf file /afs/hephy.at/user/e/easilar/www/data/80X_v12_5/dilep_isOS_njet2p_nbtag1p_mll20_l1pt25_mIsoVT_dPhiJetMET_lepVeto_looseLeptonVeto/dl_mt2ll100p_dl_mt2bb70p_dl_mt2blbl100p_met_pt0p_metSig7p_metMeff0p/nJet30.pdf has been created
Info in <TCanvas::SaveAs>: ROOT file /afs/hephy.at/user/e/easilar/www/data/80X_v12_5/dilep_isOS_njet2p_nbtag1p_mll20_l1pt25_mIsoVT_dPhiJetMET_lepVeto_looseLeptonVeto/dl_mt2ll100p_dl_mt2bb70p_dl_mt2blbl100p_met_pt0p_metSig7p_metMeff0p/nJet30.root has been created
TCanvas::Constructor:0: RuntimeWarning: Deleting canvas with same name: cb
TROOT::Append:0: RuntimeWarning: Replacing existing TH1: stack_hist (Potential memory leak).
TH1D::Sumw2:0: RuntimeWarning: Sum of squares of weights structure already created
Info in <TCanvas::Print>: png file /afs/hephy.at/user/e/easilar/www/data/80X_v12_5/dilep_isOS_njet2p_nbtag1p_mll20_l1pt25_mIsoVT_dPhiJetMET_lepVeto_looseLeptonVeto/dl_mt2ll100p_dl_mt2bb70p_dl_mt2blbl100p_met_pt0p_metSig7p_metMeff0p/nBTag.png has been created
Info in <TCanvas::Print>: pdf file /afs/hephy.at/user/e/easilar/www/data/80X_v12_5/dilep_isOS_njet2p_nbtag1p_mll20_l1pt25_mIsoVT_dPhiJetMET_lepVeto_looseLeptonVeto/dl_mt2ll100p_dl_mt2bb70p_dl_mt2blbl100p_met_pt0p_metSig7p_metMeff0p/nBTag.pdf has been created
Info in <TCanvas::SaveAs>: ROOT file /afs/hephy.at/user/e/easilar/www/data/80X_v12_5/dilep_isOS_njet2p_nbtag1p_mll20_l1pt25_mIsoVT_dPhiJetMET_lepVeto_looseLeptonVeto/dl_mt2ll100p_dl_mt2bb70p_dl_mt2blbl100p_met_pt0p_metSig7p_metMeff0p/nBTag.root has been created
TCanvas::Constructor:0: RuntimeWarning: Deleting canvas with same name: cb
TROOT::Append:0: RuntimeWarning: Replacing existing TH1: stack_hist (Potential memory leak).
TH1D::Sumw2:0: RuntimeWarning: Sum of squares of weights structure already created
Info in <TCanvas::Print>: png file /afs/hephy.at/user/e/easilar/www/data/80X_v12_5/dilep_isOS_njet2p_nbtag1p_mll20_l1pt25_mIsoVT_dPhiJetMET_lepVeto_looseLeptonVeto/dl_mt2ll100p_dl_mt2bb70p_dl_mt2blbl100p_met_pt0p_metSig7p_metMeff0p/ht.png has been created
Info in <TCanvas::Print>: pdf file /afs/hephy.at/user/e/easilar/www/data/80X_v12_5/dilep_isOS_njet2p_nbtag1p_mll20_l1pt25_mIsoVT_dPhiJetMET_lepVeto_looseLeptonVeto/dl_mt2ll100p_dl_mt2bb70p_dl_mt2blbl100p_met_pt0p_metSig7p_metMeff0p/ht.pdf has been created
Info in <TCanvas::SaveAs>: ROOT file /afs/hephy.at/user/e/easilar/www/data/80X_v12_5/dilep_isOS_njet2p_nbtag1p_mll20_l1pt25_mIsoVT_dPhiJetMET_lepVeto_looseLeptonVeto/dl_mt2ll100p_dl_mt2bb70p_dl_mt2blbl100p_met_pt0p_metSig7p_metMeff0p/ht.root has been created
TCanvas::Constructor:0: RuntimeWarning: Deleting canvas with same name: cb
TROOT::Append:0: RuntimeWarning: Replacing existing TH1: stack_hist (Potential memory leak).
TH1D::Sumw2:0: RuntimeWarning: Sum of squares of weights structure already created
Info in <TCanvas::Print>: png file /afs/hephy.at/user/e/easilar/www/data/80X_v12_5/dilep_isOS_njet2p_nbtag1p_mll20_l1pt25_mIsoVT_dPhiJetMET_lepVeto_looseLeptonVeto/dl_mt2ll100p_dl_mt2bb70p_dl_mt2blbl100p_met_pt0p_metSig7p_metMeff0p/met.png has been created
Info in <TCanvas::Print>: pdf file /afs/hephy.at/user/e/easilar/www/data/80X_v12_5/dilep_isOS_njet2p_nbtag1p_mll20_l1pt25_mIsoVT_dPhiJetMET_lepVeto_looseLeptonVeto/dl_mt2ll100p_dl_mt2bb70p_dl_mt2blbl100p_met_pt0p_metSig7p_metMeff0p/met.pdf has been created
Info in <TCanvas::SaveAs>: ROOT file /afs/hephy.at/user/e/easilar/www/data/80X_v12_5/dilep_isOS_njet2p_nbtag1p_mll20_l1pt25_mIsoVT_dPhiJetMET_lepVeto_looseLeptonVeto/dl_mt2ll100p_dl_mt2bb70p_dl_mt2blbl100p_met_pt0p_metSig7p_metMeff0p/met.root has been created
TCanvas::Constructor:0: RuntimeWarning: Deleting canvas with same name: cb
TROOT::Append:0: RuntimeWarning: Replacing existing TH1: stack_hist (Potential memory leak).
TH1D::Sumw2:0: RuntimeWarning: Sum of squares of weights structure already created
Info in <TCanvas::Print>: png file /afs/hephy.at/user/e/easilar/www/data/80X_v12_5/dilep_isOS_njet2p_nbtag1p_mll20_l1pt25_mIsoVT_dPhiJetMET_lepVeto_looseLeptonVeto/dl_mt2ll100p_dl_mt2bb70p_dl_mt2blbl100p_met_pt0p_metSig7p_metMeff0p/dl_mt2ll.png has been created
Info in <TCanvas::Print>: pdf file /afs/hephy.at/user/e/easilar/www/data/80X_v12_5/dilep_isOS_njet2p_nbtag1p_mll20_l1pt25_mIsoVT_dPhiJetMET_lepVeto_looseLeptonVeto/dl_mt2ll100p_dl_mt2bb70p_dl_mt2blbl100p_met_pt0p_metSig7p_metMeff0p/dl_mt2ll.pdf has been created
Info in <TCanvas::SaveAs>: ROOT file /afs/hephy.at/user/e/easilar/www/data/80X_v12_5/dilep_isOS_njet2p_nbtag1p_mll20_l1pt25_mIsoVT_dPhiJetMET_lepVeto_looseLeptonVeto/dl_mt2ll100p_dl_mt2bb70p_dl_mt2blbl100p_met_pt0p_metSig7p_metMeff0p/dl_mt2ll.root has been created
TCanvas::Constructor:0: RuntimeWarning: Deleting canvas with same name: cb
TROOT::Append:0: RuntimeWarning: Replacing existing TH1: stack_hist (Potential memory leak).
TH1D::Sumw2:0: RuntimeWarning: Sum of squares of weights structure already created
Info in <TCanvas::Print>: png file /afs/hephy.at/user/e/easilar/www/data/80X_v12_5/dilep_isOS_njet2p_nbtag1p_mll20_l1pt25_mIsoVT_dPhiJetMET_lepVeto_looseLeptonVeto/dl_mt2ll100p_dl_mt2bb70p_dl_mt2blbl100p_met_pt0p_metSig7p_metMeff0p/dl_mt2blbl.png has been created
Info in <TCanvas::Print>: pdf file /afs/hephy.at/user/e/easilar/www/data/80X_v12_5/dilep_isOS_njet2p_nbtag1p_mll20_l1pt25_mIsoVT_dPhiJetMET_lepVeto_looseLeptonVeto/dl_mt2ll100p_dl_mt2bb70p_dl_mt2blbl100p_met_pt0p_metSig7p_metMeff0p/dl_mt2blbl.pdf has been created
Info in <TCanvas::SaveAs>: ROOT file /afs/hephy.at/user/e/easilar/www/data/80X_v12_5/dilep_isOS_njet2p_nbtag1p_mll20_l1pt25_mIsoVT_dPhiJetMET_lepVeto_looseLeptonVeto/dl_mt2ll100p_dl_mt2bb70p_dl_mt2blbl100p_met_pt0p_metSig7p_metMeff0p/dl_mt2blbl.root has been created
TCanvas::Constructor:0: RuntimeWarning: Deleting canvas with same name: cb
TROOT::Append:0: RuntimeWarning: Replacing existing TH1: stack_hist (Potential memory leak).
TH1D::Sumw2:0: RuntimeWarning: Sum of squares of weights structure already created
Info in <TCanvas::Print>: png file /afs/hephy.at/user/e/easilar/www/data/80X_v12_5/dilep_isOS_njet2p_nbtag1p_mll20_l1pt25_mIsoVT_dPhiJetMET_lepVeto_looseLeptonVeto/dl_mt2ll100p_dl_mt2bb70p_dl_mt2blbl100p_met_pt0p_metSig7p_metMeff0p/dl_mt2bb.png has been created
Info in <TCanvas::Print>: pdf file /afs/hephy.at/user/e/easilar/www/data/80X_v12_5/dilep_isOS_njet2p_nbtag1p_mll20_l1pt25_mIsoVT_dPhiJetMET_lepVeto_looseLeptonVeto/dl_mt2ll100p_dl_mt2bb70p_dl_mt2blbl100p_met_pt0p_metSig7p_metMeff0p/dl_mt2bb.pdf has been created
Info in <TCanvas::SaveAs>: ROOT file /afs/hephy.at/user/e/easilar/www/data/80X_v12_5/dilep_isOS_njet2p_nbtag1p_mll20_l1pt25_mIsoVT_dPhiJetMET_lepVeto_looseLeptonVeto/dl_mt2ll100p_dl_mt2bb70p_dl_mt2blbl100p_met_pt0p_metSig7p_metMeff0p/dl_mt2bb.root has been created
TCanvas::Constructor:0: RuntimeWarning: Deleting canvas with same name: cb
TROOT::Append:0: RuntimeWarning: Replacing existing TH1: stack_hist (Potential memory leak).
TH1D::Sumw2:0: RuntimeWarning: Sum of squares of weights structure already created
Info in <TCanvas::Print>: png file /afs/hephy.at/user/e/easilar/www/data/80X_v12_5/dilep_isOS_njet2p_nbtag1p_mll20_l1pt25_mIsoVT_dPhiJetMET_lepVeto_looseLeptonVeto/dl_mt2ll100p_dl_mt2bb70p_dl_mt2blbl100p_met_pt0p_metSig7p_metMeff0p/metSig.png has been created
Info in <TCanvas::Print>: pdf file /afs/hephy.at/user/e/easilar/www/data/80X_v12_5/dilep_isOS_njet2p_nbtag1p_mll20_l1pt25_mIsoVT_dPhiJetMET_lepVeto_looseLeptonVeto/dl_mt2ll100p_dl_mt2bb70p_dl_mt2blbl100p_met_pt0p_metSig7p_metMeff0p/metSig.pdf has been created
Info in <TCanvas::SaveAs>: ROOT file /afs/hephy.at/user/e/easilar/www/data/80X_v12_5/dilep_isOS_njet2p_nbtag1p_mll20_l1pt25_mIsoVT_dPhiJetMET_lepVeto_looseLeptonVeto/dl_mt2ll100p_dl_mt2bb70p_dl_mt2blbl100p_met_pt0p_metSig7p_metMeff0p/metSig.root has been created
TCanvas::Constructor:0: RuntimeWarning: Deleting canvas with same name: cb
TROOT::Append:0: RuntimeWarning: Replacing existing TH1: stack_hist (Potential memory leak).
TH1D::Sumw2:0: RuntimeWarning: Sum of squares of weights structure already created
Info in <TCanvas::Print>: png file /afs/hephy.at/user/e/easilar/www/data/80X_v12_5/dilep_isOS_njet2p_nbtag1p_mll20_l1pt25_mIsoVT_dPhiJetMET_lepVeto_looseLeptonVeto/dl_mt2ll100p_dl_mt2bb70p_dl_mt2blbl100p_met_pt0p_metSig7p_metMeff0p/metOvmeff.png has been created
Info in <TCanvas::Print>: pdf file /afs/hephy.at/user/e/easilar/www/data/80X_v12_5/dilep_isOS_njet2p_nbtag1p_mll20_l1pt25_mIsoVT_dPhiJetMET_lepVeto_looseLeptonVeto/dl_mt2ll100p_dl_mt2bb70p_dl_mt2blbl100p_met_pt0p_metSig7p_metMeff0p/metOvmeff.pdf has been created
Info in <TCanvas::SaveAs>: ROOT file /afs/hephy.at/user/e/easilar/www/data/80X_v12_5/dilep_isOS_njet2p_nbtag1p_mll20_l1pt25_mIsoVT_dPhiJetMET_lepVeto_looseLeptonVeto/dl_mt2ll100p_dl_mt2bb70p_dl_mt2blbl100p_met_pt0p_metSig7p_metMeff0p/metOvmeff.root has been created
650_300,T2tt_650_350,T2tt_650_375,T2tt_650_400,T2tt_650_425,T2tt_650_450,T2tt_650_475,T2tt_650_50,T2tt_650_500,T2tt_650_525,T2tt_650_550,T2tt_650_563,T2tt_658_475,T2tt_667_500,T2tt_675_375,T2tt_675_400,T2tt_675_425,T2tt_675_450,T2tt_675_475,T2tt_675_500,T2tt_675_525,T2tt_675_550,T2tt_675_575,T2tt_675_588,T2tt_683_500,T2tt_692_525,T2tt_700_1,T2tt_700_100,T2tt_700_150,T2tt_700_200,T2tt_700_250,T2tt_700_300,T2tt_700_350,T2tt_700_400,T2tt_700_425,T2tt_700_450,T2tt_700_475,T2tt_700_50,T2tt_700_500,T2tt_700_525,T2tt_700_550,T2tt_700_575,T2tt_700_600,T2tt_700_613,T2tt_708_525,T2tt_717_550,T2tt_725_425,T2tt_725_450,T2tt_725_475,T2tt_725_500,T2tt_725_525,T2tt_725_550,T2tt_725_575,T2tt_725_600,T2tt_725_625,T2tt_725_638,T2tt_733_550,T2tt_742_575,T2tt_750_1,T2tt_750_100,T2tt_750_150,T2tt_750_200,T2tt_750_250,T2tt_750_300,T2tt_750_350,T2tt_750_400,T2tt_750_450,T2tt_750_475,T2tt_750_50,T2tt_750_500,T2tt_750_525,T2tt_750_550,T2tt_750_575,T2tt_750_600,T2tt_750_625,T2tt_750_650,T2tt_758_575,T2tt_767_600,T2tt_775_475,T2tt_775_500,T2tt_775_525,T2tt_775_550,T2tt_775_575,T2tt_775_600,T2tt_775_625,T2tt_775_650,T2tt_783_600,T2tt_792_625,T2tt_800_1,T2tt_800_100,T2tt_800_150,T2tt_800_200,T2tt_800_250,T2tt_800_300,T2tt_800_350,T2tt_800_400,T2tt_800_450,T2tt_800_50,T2tt_800_500,T2tt_800_525,T2tt_800_550,T2tt_800_575,T2tt_800_600,T2tt_800_625,T2tt_800_650,T2tt_808_625,T2tt_817_650,T2tt_825_525,T2tt_825_550,T2tt_825_575,T2tt_825_600,T2tt_825_625,T2tt_825_650,T2tt_833_650,T2tt_850_1,T2tt_850_100,T2tt_850_150,T2tt_850_200,T2tt_850_250,T2tt_850_300,T2tt_850_350,T2tt_850_400,T2tt_850_450,T2tt_850_50,T2tt_850_500,T2tt_850_550,T2tt_850_575,T2tt_850_600,T2tt_850_625,T2tt_850_650,T2tt_875_575,T2tt_875_600,T2tt_875_625,T2tt_875_650,T2tt_900_1,T2tt_900_100,T2tt_900_150,T2tt_900_200,T2tt_900_250,T2tt_900_300,T2tt_900_350,T2tt_900_400,T2tt_900_450,T2tt_900_50,T2tt_900_500,T2tt_900_550,T2tt_900_600,T2tt_900_625,T2tt_900_650,T2tt_925_625,T2tt_925_650,T2tt_950_1,T2tt_950_100,T2tt_950_150,T2tt_950_200,T2tt_950_250,T2tt_950_300,T2tt_950_350,T2tt_950_400,T2tt_950_450,T2tt_950_50,T2tt_950_500,T2tt_950_550,T2tt_950_600,T2tt_950_650
====== 
dl_mt2ll100p_dl_mt2bb70p_dl_mt2blbl100p_met_pt0p_metSig7p_metMeff0p
n_{jet}
36.6613055568
n_{b-tag}
4.15466758607
H_{T} (GeV)
19.1884933267
#slash{E}_{T}
172.190523307
MT_{2}^{ll} (GeV)
73.2791192373
MT_{2}^{blbl} (GeV)
257.404182927
MT_{2}^{bb} (GeV)
300.75833526
#slash{E}_{T}/#sqrt{H_{T}} (GeV^{1/2})
256.541314708
#slash{E}_{T} / m_{eff} (GeV))
11.8669919048
